\BOOKMARK [1][-]{section.1}{Introduction}{}% 1
\BOOKMARK [1][-]{section.2}{Project}{}% 2
\BOOKMARK [2][-]{subsection.2.1}{Analysis Phase}{section.2}% 3
\BOOKMARK [2][-]{subsection.2.2}{Design Phase}{section.2}% 4
\BOOKMARK [2][-]{subsection.2.3}{Implementation Phase}{section.2}% 5
\BOOKMARK [3][-]{subsubsection.2.3.1}{Neo4j}{subsection.2.3}% 6
\BOOKMARK [3][-]{subsubsection.2.3.2}{Numpy}{subsection.2.3}% 7
\BOOKMARK [3][-]{subsubsection.2.3.3}{Scipy}{subsection.2.3}% 8
\BOOKMARK [2][-]{subsection.2.4}{Eigentrust Weighted Trust Based Recommender}{section.2}% 9
\BOOKMARK [3][-]{subsubsection.2.4.1}{About Eigentrust}{subsection.2.4}% 10
\BOOKMARK [2][-]{subsection.2.5}{Inverse Distance Weighted Trust Based Recommender}{section.2}% 11
\BOOKMARK [2][-]{subsection.2.6}{Testing Phase}{section.2}% 12
\BOOKMARK [3][-]{subsubsection.2.6.1}{Methods}{subsection.2.6}% 13
\BOOKMARK [4][-]{paragraph.2.6.1.1}{Leave-one-out Cross Validation}{subsubsection.2.6.1}% 14
\BOOKMARK [4][-]{paragraph.2.6.1.2}{K-Fold Cross Validation}{subsubsection.2.6.1}% 15
\BOOKMARK [3][-]{subsubsection.2.6.2}{Results}{subsection.2.6}% 16
\BOOKMARK [3][-]{subsubsection.2.6.3}{Libraries I Used}{subsection.2.6}% 17
\BOOKMARK [4][-]{paragraph.2.6.3.1}{Surprise}{subsubsection.2.6.3}% 18
\BOOKMARK [4][-]{paragraph.2.6.3.2}{Matplotlib}{subsubsection.2.6.3}% 19
\BOOKMARK [1][-]{section.3}{Organization}{}% 20
\BOOKMARK [2][-]{subsection.3.1}{METU Data Mining Research Group}{section.3}% 21
\BOOKMARK [1][-]{section.4}{Conclusion}{}% 22
